c:\users\zzp\desktop\animalchess0704mengkun\animalchess\debug\vc142.pdb
c:\users\zzp\desktop\animalchess0704mengkun\animalchess\debug\vc142.idb
c:\users\zzp\desktop\animalchess0704mengkun\animalchess\debug\position.obj
c:\users\zzp\desktop\animalchess0704mengkun\animalchess\debug\main.obj
c:\users\zzp\desktop\animalchess0704mengkun\animalchess\debug\drawview.obj
c:\users\zzp\desktop\animalchess0704mengkun\animalchess\debug\gameview.obj
c:\users\zzp\desktop\animalchess0704mengkun\animalchess\debug\playermodel.obj
c:\users\zzp\desktop\animalchess0704mengkun\animalchess\debug\chesspiecesmodel.obj
c:\users\zzp\desktop\animalchess0704mengkun\animalchess\debug\chessboardmodel.obj
c:\users\zzp\desktop\animalchess0704mengkun\animalchess\debug\checkermodel.obj
c:\users\zzp\desktop\animalchess0704mengkun\animalchess\debug\gamecntroller.obj
c:\users\zzp\desktop\animalchess0704mengkun\animalchess\debug\animalchess.exe
c:\users\zzp\desktop\animalchess0704mengkun\animalchess\debug\animalchess.ilk
c:\users\zzp\desktop\animalchess0704mengkun\animalchess\debug\animalchess.pdb
c:\users\zzp\desktop\animalchess0707\animalchess0704mengkun\animalchess\debug\checkermodel.obj
c:\users\zzp\desktop\animalchess0707\animalchess0704mengkun\animalchess\debug\chessboardmodel.obj
c:\users\zzp\desktop\animalchess0707\animalchess0704mengkun\animalchess\debug\chesspiecesmodel.obj
c:\users\zzp\desktop\animalchess0707\animalchess0704mengkun\animalchess\debug\drawview.obj
c:\users\zzp\desktop\animalchess0707\animalchess0704mengkun\animalchess\debug\gamecntroller.obj
c:\users\zzp\desktop\animalchess0707\animalchess0704mengkun\animalchess\debug\gameview.obj
c:\users\zzp\desktop\animalchess0707\animalchess0704mengkun\animalchess\debug\main.obj
c:\users\zzp\desktop\animalchess0707\animalchess0704mengkun\animalchess\debug\playermodel.obj
c:\users\zzp\desktop\animalchess0707\animalchess0704mengkun\animalchess\debug\position.obj
c:\users\zzp\desktop\animalchess0707\animalchess0704mengkun\animalchess\debug\animalchess.ilk
c:\users\zzp\desktop\animalchess0707\animalchess0704mengkun\animalchess\debug\vc142.idb
c:\users\zzp\desktop\animalchess0707\animalchess0704mengkun\animalchess\debug\animalchess.pdb
c:\users\zzp\desktop\animalchess0707\animalchess0704mengkun\animalchess\debug\vc142.pdb
c:\users\zzp\desktop\animalchess0707\animalchess0704mengkun\animalchess\debug\animalchess.exe
c:\users\zzp\desktop\animalchess0707\animalchess0704mengkun\animalchess\debug\animalchess.tlog\cl.command.1.tlog
c:\users\zzp\desktop\animalchess0707\animalchess0704mengkun\animalchess\debug\animalchess.tlog\cl.read.1.tlog
c:\users\zzp\desktop\animalchess0707\animalchess0704mengkun\animalchess\debug\animalchess.tlog\cl.write.1.tlog
c:\users\zzp\desktop\animalchess0707\animalchess0704mengkun\animalchess\debug\animalchess.tlog\link.command.1.tlog
c:\users\zzp\desktop\animalchess0707\animalchess0704mengkun\animalchess\debug\animalchess.tlog\link.read.1.tlog
c:\users\zzp\desktop\animalchess0707\animalchess0704mengkun\animalchess\debug\animalchess.tlog\link.write.1.tlog
